Traceback (most recent call last):
  File "/home/root7/code/TE-Agent/main.py", line 190, in test_run_case
    assert overall_result == "é€šè¿‡", f"ç”¨ä¾‹ {test_case['case_id']} æ‰§è¡Œå¤±è´¥ï¼ˆç»“æœï¼š{overall_result}ï¼‰\né”™è¯¯è¯¦æƒ…:\n{error_details}"
AssertionError: ç”¨ä¾‹ XXX_TEST_002 æ‰§è¡Œå¤±è´¥ï¼ˆç»“æœï¼šä¸é€šè¿‡ã€‚éƒ¨åˆ†ç”¨ä¾‹æ­¥éª¤æ‰§è¡Œæ—¶å‡ºç°å¼‚å¸¸æˆ–æˆªå›¾å¤±è´¥ï¼‰
  é”™è¯¯è¯¦æƒ…:
  ç¬¬2æ­¥çš„è¢«æµ‹ç¨‹åºæ‰§è¡Œæ—¶çš„xtermç»ˆç«¯æˆªå›¾å¤±è´¥
assert 'ä¸é€šè¿‡ã€‚éƒ¨åˆ†ç”¨ä¾‹æ­¥éª¤æ‰§è¡Œæ—¶å‡ºç°å¼‚å¸¸æˆ–æˆªå›¾å¤±è´¥' == 'é€šè¿‡'
  
  [0m[91m- é€šè¿‡[39;49;00m[90m[39;49;00m
  [92m+ ä¸é€šè¿‡ã€‚éƒ¨åˆ†ç”¨ä¾‹æ­¥éª¤æ‰§è¡Œæ—¶å‡ºç°å¼‚å¸¸æˆ–æˆªå›¾å¤±è´¥[39;49;00m[90m[39;49;00m
